

*******************************************************************************
Thu May 19 13:33:08 2022


FIT:    data read from file using (log($1)):(log($2)) index 0
        format = x:z
        #datapoints = 6
        residuals are weighted equally (unit weight)

function used for fitting: f(x)
	f(x) = A*x+a
fitted parameters initialized with current variable values

iter      chisq       delta/lim  lambda   A             a            
   0 5.1496514473e-01   0.00e+00  1.46e+01    1.000000e+00   1.000000e+00
   5 1.4392145524e-01  -4.00e-06  1.46e-04    1.032036e+00   1.608432e+00

After 5 iterations the fit converged.
final sum of squares of residuals : 0.143921
rel. change during last iteration : -4.00417e-11

degrees of freedom    (FIT_NDF)                        : 4
rms of residuals      (FIT_STDFIT) = sqrt(WSSR/ndf)    : 0.189685
variance of residuals (reduced chisquare) = WSSR/ndf   : 0.0359804

Final set of parameters            Asymptotic Standard Error
=======================            ==========================
A               = 1.03204          +/- 0.009976     (0.9667%)
a               = 1.60843          +/- 0.2051       (12.75%)

correlation matrix of the fit parameters:
                A      a      
A               1.000 
a               0.926  1.000 


*******************************************************************************
Thu May 19 13:33:08 2022


FIT:    data read from file using (log($1)):(log($2)) index 1
        format = x:z
        #datapoints = 6
        residuals are weighted equally (unit weight)

function used for fitting: g(x)
	g(x) = B*x+b
fitted parameters initialized with current variable values

iter      chisq       delta/lim  lambda   B             b            
   0 1.6764274276e+00   0.00e+00  1.49e+01    1.000000e+00   1.000000e+00
   5 1.7461972887e-02  -5.97e-04  1.49e-04    1.042210e+00   2.286011e+00

After 5 iterations the fit converged.
final sum of squares of residuals : 0.017462
rel. change during last iteration : -5.96527e-09

degrees of freedom    (FIT_NDF)                        : 4
rms of residuals      (FIT_STDFIT) = sqrt(WSSR/ndf)    : 0.0660719
variance of residuals (reduced chisquare) = WSSR/ndf   : 0.00436549

Final set of parameters            Asymptotic Standard Error
=======================            ==========================
B               = 1.04221          +/- 0.004037     (0.3874%)
b               = 2.28601          +/- 0.08495      (3.716%)

correlation matrix of the fit parameters:
                B      b      
B               1.000 
b               0.948  1.000 


*******************************************************************************
Thu May 19 13:33:49 2022


FIT:    data read from file using (log($1)):(log($2)) index 0
        format = x:z
        #datapoints = 6
        residuals are weighted equally (unit weight)

function used for fitting: f(x)
	f(x) = A*x+a
fitted parameters initialized with current variable values

iter      chisq       delta/lim  lambda   A             a            
   0 5.1496514473e-01   0.00e+00  1.46e+01    1.000000e+00   1.000000e+00
   5 1.4392145524e-01  -4.00e-06  1.46e-04    1.032036e+00   1.608432e+00

After 5 iterations the fit converged.
final sum of squares of residuals : 0.143921
rel. change during last iteration : -4.00417e-11

degrees of freedom    (FIT_NDF)                        : 4
rms of residuals      (FIT_STDFIT) = sqrt(WSSR/ndf)    : 0.189685
variance of residuals (reduced chisquare) = WSSR/ndf   : 0.0359804

Final set of parameters            Asymptotic Standard Error
=======================            ==========================
A               = 1.03204          +/- 0.009976     (0.9667%)
a               = 1.60843          +/- 0.2051       (12.75%)

correlation matrix of the fit parameters:
                A      a      
A               1.000 
a               0.926  1.000 


*******************************************************************************
Thu May 19 13:33:49 2022


FIT:    data read from file using (log($1)):(log($2)) index 1
        format = x:z
        #datapoints = 6
        residuals are weighted equally (unit weight)

function used for fitting: g(x)
	g(x) = B*x+b
fitted parameters initialized with current variable values

iter      chisq       delta/lim  lambda   B             b            
   0 1.6764274276e+00   0.00e+00  1.49e+01    1.000000e+00   1.000000e+00
   5 1.7461972887e-02  -5.97e-04  1.49e-04    1.042210e+00   2.286011e+00

After 5 iterations the fit converged.
final sum of squares of residuals : 0.017462
rel. change during last iteration : -5.96527e-09

degrees of freedom    (FIT_NDF)                        : 4
rms of residuals      (FIT_STDFIT) = sqrt(WSSR/ndf)    : 0.0660719
variance of residuals (reduced chisquare) = WSSR/ndf   : 0.00436549

Final set of parameters            Asymptotic Standard Error
=======================            ==========================
B               = 1.04221          +/- 0.004037     (0.3874%)
b               = 2.28601          +/- 0.08495      (3.716%)

correlation matrix of the fit parameters:
                B      b      
B               1.000 
b               0.948  1.000 


*******************************************************************************
Thu May 19 13:39:40 2022


FIT:    data read from file using (log($1)):(log($2)) index 0
        format = x:z
        #datapoints = 6
        residuals are weighted equally (unit weight)

function used for fitting: f(x)
	f(x) = A*x+a
fitted parameters initialized with current variable values

iter      chisq       delta/lim  lambda   A             a            
   0 5.1496514473e-01   0.00e+00  1.46e+01    1.000000e+00   1.000000e+00
   5 1.4392145524e-01  -4.00e-06  1.46e-04    1.032036e+00   1.608432e+00

After 5 iterations the fit converged.
final sum of squares of residuals : 0.143921
rel. change during last iteration : -4.00417e-11

degrees of freedom    (FIT_NDF)                        : 4
rms of residuals      (FIT_STDFIT) = sqrt(WSSR/ndf)    : 0.189685
variance of residuals (reduced chisquare) = WSSR/ndf   : 0.0359804

Final set of parameters            Asymptotic Standard Error
=======================            ==========================
A               = 1.03204          +/- 0.009976     (0.9667%)
a               = 1.60843          +/- 0.2051       (12.75%)

correlation matrix of the fit parameters:
                A      a      
A               1.000 
a               0.926  1.000 


*******************************************************************************
Thu May 19 13:39:40 2022


FIT:    data read from file using (log($1)):(log($2)) index 1
        format = x:z
        #datapoints = 6
        residuals are weighted equally (unit weight)

function used for fitting: g(x)
	g(x) = B*x+b
fitted parameters initialized with current variable values

iter      chisq       delta/lim  lambda   B             b            
   0 1.6764274276e+00   0.00e+00  1.49e+01    1.000000e+00   1.000000e+00
   5 1.7461972887e-02  -5.97e-04  1.49e-04    1.042210e+00   2.286011e+00

After 5 iterations the fit converged.
final sum of squares of residuals : 0.017462
rel. change during last iteration : -5.96527e-09

degrees of freedom    (FIT_NDF)                        : 4
rms of residuals      (FIT_STDFIT) = sqrt(WSSR/ndf)    : 0.0660719
variance of residuals (reduced chisquare) = WSSR/ndf   : 0.00436549

Final set of parameters            Asymptotic Standard Error
=======================            ==========================
B               = 1.04221          +/- 0.004037     (0.3874%)
b               = 2.28601          +/- 0.08495      (3.716%)

correlation matrix of the fit parameters:
                B      b      
B               1.000 
b               0.948  1.000 
