

*******************************************************************************
Wed Mar 23 20:22:20 2022


FIT:    data read from file using 1:3 index 0
        format = x:z
        #datapoints = 70
        residuals are weighted equally (unit weight)

function used for fitting: gauss1(x)
	gauss1(x)= h1 +a1/(sigma1*sqrt(2.*pi))*exp(-(x-mu1)**2./(2.*sigma1**2))
fitted parameters initialized with current variable values

iter      chisq       delta/lim  lambda   h1            a1            sigma1       
   0 3.3643619253e+05   0.00e+00  5.12e+01    3.251390e+00   4.035100e-01   2.000000e-03
  85 1.9955023740e-02  -7.04e-01  5.12e-06    3.273461e+00   4.143537e-04   3.823384e-04

After 85 iterations the fit converged.
final sum of squares of residuals : 0.019955
rel. change during last iteration : -7.03886e-06

degrees of freedom    (FIT_NDF)                        : 67
rms of residuals      (FIT_STDFIT) = sqrt(WSSR/ndf)    : 0.0172579
variance of residuals (reduced chisquare) = WSSR/ndf   : 0.000297836

Final set of parameters            Asymptotic Standard Error
=======================            ==========================
h1              = 3.27346          +/- 0.002938     (0.08976%)
a1              = 0.000414354      +/- 8.443e-06    (2.038%)
sigma1          = 0.000382338      +/- 7.217e-06    (1.888%)

correlation matrix of the fit parameters:
                h1     a1     sigma1 
h1              1.000 
a1             -0.712  1.000 
sigma1         -0.502  0.731  1.000 


*******************************************************************************
Wed Mar 23 20:22:20 2022


FIT:    data read from file using 1:3 index 1
        format = x:z
        #datapoints = 70
        residuals are weighted equally (unit weight)

function used for fitting: gauss2(x)
	gauss2(x)= h2 +a2/(sigma2*sqrt(2.*pi))*exp(-(x-mu1)**2./(2.*sigma2**2))
fitted parameters initialized with current variable values

iter      chisq       delta/lim  lambda   h2            a2            sigma2       
   0 3.3580808062e+05   0.00e+00  5.12e+01    2.847880e+00   4.035100e-01   2.000000e-03
  34 9.4622055509e-02  -1.52e-02  5.12e-01    2.888347e+00   5.570051e-04   3.041895e-04

After 34 iterations the fit converged.
final sum of squares of residuals : 0.0946221
rel. change during last iteration : -1.51757e-07

degrees of freedom    (FIT_NDF)                        : 67
rms of residuals      (FIT_STDFIT) = sqrt(WSSR/ndf)    : 0.0375802
variance of residuals (reduced chisquare) = WSSR/ndf   : 0.00141227

Final set of parameters            Asymptotic Standard Error
=======================            ==========================
h2              = 2.88835          +/- 0.005829     (0.2018%)
a2              = 0.000557005      +/- 1.492e-05    (2.678%)
sigma2          = 0.00030419       +/- 7.9e-06      (2.597%)

correlation matrix of the fit parameters:
                h2     a2     sigma2 
h2              1.000 
a2             -0.637  1.000 
sigma2         -0.427  0.707  1.000 


*******************************************************************************
Wed Mar 23 20:25:28 2022


FIT:    data read from file using 1:3 index 0
        format = x:z
        #datapoints = 70
        residuals are weighted equally (unit weight)

function used for fitting: gauss1(x)
	gauss1(x)= h1 +a1/(sigma1*sqrt(2.*pi))*exp(-(x-mu1)**2./(2.*sigma1**2))
fitted parameters initialized with current variable values

iter      chisq       delta/lim  lambda   h1            a1            sigma1       
   0 2.0086815421e+09   0.00e+00  4.02e+03    3.251390e+00   4.035100e-01   2.000000e-05
  26 1.5934393523e-02  -7.50e-01  4.02e-06    3.350977e+00   7.412344e-06   7.785536e-06

After 26 iterations the fit converged.
final sum of squares of residuals : 0.0159344
rel. change during last iteration : -7.49558e-06

degrees of freedom    (FIT_NDF)                        : 67
rms of residuals      (FIT_STDFIT) = sqrt(WSSR/ndf)    : 0.0154216
variance of residuals (reduced chisquare) = WSSR/ndf   : 0.000237827

Final set of parameters            Asymptotic Standard Error
=======================            ==========================
h1              = 3.35098          +/- 0.00265      (0.07908%)
a1              = 7.41234e-06      +/- 1.537e-07    (2.073%)
sigma1          = 7.78554e-06      +/- 1.489e-07    (1.912%)

correlation matrix of the fit parameters:
                h1     a1     sigma1 
h1              1.000 
a1             -0.718  1.000 
sigma1         -0.509  0.734  1.000 


*******************************************************************************
Wed Mar 23 20:25:28 2022


FIT:    data read from file using 1:3 index 1
        format = x:z
        #datapoints = 70
        residuals are weighted equally (unit weight)

function used for fitting: gauss2(x)
	gauss2(x)= h2 +a2/(sigma2*sqrt(2.*pi))*exp(-(x-mu1)**2./(2.*sigma2**2))
fitted parameters initialized with current variable values

iter      chisq       delta/lim  lambda   h2            a2            sigma2       
   0 2.0086982370e+09   0.00e+00  4.02e+03    2.847880e+00   4.035100e-01   2.000000e-05
  15 1.1294058657e-01  -9.72e-01  4.02e-05    2.834688e+00   1.087720e-05   5.593110e-06

After 15 iterations the fit converged.
final sum of squares of residuals : 0.112941
rel. change during last iteration : -9.72116e-06

degrees of freedom    (FIT_NDF)                        : 67
rms of residuals      (FIT_STDFIT) = sqrt(WSSR/ndf)    : 0.041057
variance of residuals (reduced chisquare) = WSSR/ndf   : 0.00168568

Final set of parameters            Asymptotic Standard Error
=======================            ==========================
h2              = 2.83469          +/- 0.006205     (0.2189%)
a2              = 1.08772e-05      +/- 3.043e-07    (2.797%)
sigma2          = 5.59311e-06      +/- 1.537e-07    (2.749%)

correlation matrix of the fit parameters:
                h2     a2     sigma2 
h2              1.000 
a2             -0.611  1.000 
sigma2         -0.404  0.701  1.000 


*******************************************************************************
Wed Mar 23 20:29:14 2022


FIT:    data read from file using 1:3 index 0
        format = x:z
        #datapoints = 70
        residuals are weighted equally (unit weight)

function used for fitting: gauss1(x)
	gauss1(x)= h1 +a1/(sigma1*sqrt(2.*pi))*exp(-(x-mu1)**2./(2.*sigma1**2))
fitted parameters initialized with current variable values

iter      chisq       delta/lim  lambda   h1            a1            sigma1       
   0 1.1802442413e+13   0.00e+00  3.15e+05    3.337860e+00   4.035100e-01   2.000000e-07
  12 1.7182666006e-02  -2.93e-01  3.15e-07    3.354623e+00   9.112046e-08   1.039201e-07

After 12 iterations the fit converged.
final sum of squares of residuals : 0.0171827
rel. change during last iteration : -2.93174e-06

degrees of freedom    (FIT_NDF)                        : 67
rms of residuals      (FIT_STDFIT) = sqrt(WSSR/ndf)    : 0.0160143
variance of residuals (reduced chisquare) = WSSR/ndf   : 0.000256458

Final set of parameters            Asymptotic Standard Error
=======================            ==========================
h1              = 3.35462          +/- 0.002465     (0.07347%)
a1              = 9.11205e-08      +/- 2.18e-09     (2.393%)
sigma1          = 1.0392e-07       +/- 2.421e-09    (2.33%)

correlation matrix of the fit parameters:
                h1     a1     sigma1 
h1              1.000 
a1             -0.629  1.000 
sigma1         -0.420  0.705  1.000 


*******************************************************************************
Wed Mar 23 20:29:14 2022


FIT:    data read from file using 1:3 index 1
        format = x:z
        #datapoints = 70
        residuals are weighted equally (unit weight)

function used for fitting: gauss2(x)
	gauss2(x)= h2 +a2/(sigma2*sqrt(2.*pi))*exp(-(x-mu1)**2./(2.*sigma2**2))
fitted parameters initialized with current variable values

iter      chisq       delta/lim  lambda   h2            a2            sigma2       
   0 1.1802436405e+13   0.00e+00  3.15e+05    2.712420e+00   4.035100e-01   2.000000e-07
  13 1.2299563749e-01  -5.56e-01  3.15e-08    2.745985e+00   1.396844e-07   6.761857e-08

After 13 iterations the fit converged.
final sum of squares of residuals : 0.122996
rel. change during last iteration : -5.56484e-06

degrees of freedom    (FIT_NDF)                        : 67
rms of residuals      (FIT_STDFIT) = sqrt(WSSR/ndf)    : 0.0428457
variance of residuals (reduced chisquare) = WSSR/ndf   : 0.00183576

Final set of parameters            Asymptotic Standard Error
=======================            ==========================
h2              = 2.74598          +/- 0.005965     (0.2172%)
a2              = 1.39684e-07      +/- 4.24e-09     (3.035%)
sigma2          = 6.76186e-08      +/- 2.102e-09    (3.109%)

correlation matrix of the fit parameters:
                h2     a2     sigma2 
h2              1.000 
a2             -0.511  1.000 
sigma2         -0.321  0.690  1.000 


*******************************************************************************
Wed Mar 23 20:33:57 2022


FIT:    data read from file using 1:3 index 0
        format = x:z
        #datapoints = 70
        residuals are weighted equally (unit weight)

function used for fitting: gauss1(x)
	gauss1(x)= h1 +a1/(sigma1*sqrt(2.*pi))*exp(-(x-mu1)**2./(2.*sigma1**2))
fitted parameters initialized with current variable values

iter      chisq       delta/lim  lambda   h1            a1            sigma1       
   0 8.4560711165e+16   0.00e+00  2.67e+07    3.303230e+00   4.035100e-01   2.000000e-09
   4 1.4053403808e-01  -9.46e-02  2.67e+03    3.303230e+00   1.160017e-09   2.018460e-09

After 4 iterations the fit converged.
final sum of squares of residuals : 0.140534
rel. change during last iteration : -9.4648e-07

degrees of freedom    (FIT_NDF)                        : 67
rms of residuals      (FIT_STDFIT) = sqrt(WSSR/ndf)    : 0.0457987
variance of residuals (reduced chisquare) = WSSR/ndf   : 0.00209752

Final set of parameters            Asymptotic Standard Error
=======================            ==========================
h1              = 3.30323          +/- 0.008025     (0.243%)
a1              = 1.16002e-09      +/- 1.185e-10    (10.22%)
sigma1          = 2.01846e-09      +/- 1.885e-10    (9.337%)

correlation matrix of the fit parameters:
                h1     a1     sigma1 
h1              1.000 
a1             -0.731  1.000 
sigma1         -0.523  0.739  1.000 


*******************************************************************************
Wed Mar 23 20:33:57 2022


FIT:    data read from file using 1:3 index 1
        format = x:z
        #datapoints = 70
        residuals are weighted equally (unit weight)

function used for fitting: gauss2(x)
	gauss2(x)= h2 +a2/(sigma2*sqrt(2.*pi))*exp(-(x-mu1)**2./(2.*sigma2**2))
fitted parameters initialized with current variable values

iter      chisq       delta/lim  lambda   h2            a2            sigma2       
   0 8.4560710731e+16   0.00e+00  2.67e+07    2.619230e+00   4.035100e-01   2.000000e-09
   4 1.3003275056e+00  -1.25e-02  2.67e+03    2.619230e+00   2.196360e-09   2.018460e-09

After 4 iterations the fit converged.
final sum of squares of residuals : 1.30033
rel. change during last iteration : -1.24764e-07

degrees of freedom    (FIT_NDF)                        : 67
rms of residuals      (FIT_STDFIT) = sqrt(WSSR/ndf)    : 0.139312
variance of residuals (reduced chisquare) = WSSR/ndf   : 0.0194079

Final set of parameters            Asymptotic Standard Error
=======================            ==========================
h2              = 2.61923          +/- 0.02441      (0.932%)
a2              = 2.19636e-09      +/- 3.605e-10    (16.41%)
sigma2          = 2.01846e-09      +/- 3.028e-10    (15%)

correlation matrix of the fit parameters:
                h2     a2     sigma2 
h2              1.000 
a2             -0.731  1.000 
sigma2         -0.523  0.739  1.000 


*******************************************************************************
Wed Mar 23 20:34:16 2022


FIT:    data read from file using 1:3 index 0
        format = x:z
        #datapoints = 70
        residuals are weighted equally (unit weight)

function used for fitting: gauss1(x)
	gauss1(x)= h1 +a1/(sigma1*sqrt(2.*pi))*exp(-(x-mu1)**2./(2.*sigma1**2))
fitted parameters initialized with current variable values

iter      chisq       delta/lim  lambda   h1            a1            sigma1       
   0 1.4449411797e+18   0.00e+00  1.19e+08    3.303230e+00   4.035100e-01   2.000000e-10
   5 4.3760608482e-01  -2.53e-01  1.19e+03    3.303230e+00   2.136169e-10   2.032836e-10

After 5 iterations the fit converged.
final sum of squares of residuals : 0.437606
rel. change during last iteration : -2.53247e-06

degrees of freedom    (FIT_NDF)                        : 67
rms of residuals      (FIT_STDFIT) = sqrt(WSSR/ndf)    : 0.0808173
variance of residuals (reduced chisquare) = WSSR/ndf   : 0.00653143

Final set of parameters            Asymptotic Standard Error
=======================            ==========================
h1              = 3.30323          +/- 0.009988     (0.3024%)
a1              = 2.13617e-10      +/- 4.331e-11    (20.27%)
sigma1          = 2.03284e-10      +/- 3.975e-11    (19.56%)

correlation matrix of the fit parameters:
                h1     a1     sigma1 
h1              1.000 
a1             -0.243  1.000 
sigma1         -0.135  0.760  1.000 


*******************************************************************************
Wed Mar 23 20:34:16 2022


FIT:    data read from file using 1:3 index 1
        format = x:z
        #datapoints = 70
        residuals are weighted equally (unit weight)

function used for fitting: gauss2(x)
	gauss2(x)= h2 +a2/(sigma2*sqrt(2.*pi))*exp(-(x-mu1)**2./(2.*sigma2**2))
fitted parameters initialized with current variable values

iter      chisq       delta/lim  lambda   h2            a2            sigma2       
   0 1.4449411771e+18   0.00e+00  1.19e+08    2.619230e+00   4.035100e-01   2.000000e-10
   5 8.9027776441e-01  -1.36e-01  1.19e+03    2.619230e+00   5.779544e-10   2.032836e-10

After 5 iterations the fit converged.
final sum of squares of residuals : 0.890278
rel. change during last iteration : -1.35764e-06

degrees of freedom    (FIT_NDF)                        : 67
rms of residuals      (FIT_STDFIT) = sqrt(WSSR/ndf)    : 0.115272
variance of residuals (reduced chisquare) = WSSR/ndf   : 0.0132877

Final set of parameters            Asymptotic Standard Error
=======================            ==========================
h2              = 2.61923          +/- 0.01425      (0.5439%)
a2              = 5.77954e-10      +/- 6.177e-11    (10.69%)
sigma2          = 2.03284e-10      +/- 2.096e-11    (10.31%)

correlation matrix of the fit parameters:
                h2     a2     sigma2 
h2              1.000 
a2             -0.243  1.000 
sigma2         -0.135  0.760  1.000 


*******************************************************************************
Wed Mar 23 20:34:41 2022


FIT:    data read from file using 1:3 index 0
        format = x:z
        #datapoints = 70
        residuals are weighted equally (unit weight)

function used for fitting: gauss1(x)
	gauss1(x)= h1 +a1/(sigma1*sqrt(2.*pi))*exp(-(x-mu1)**2./(2.*sigma1**2))
fitted parameters initialized with current variable values

iter      chisq       delta/lim  lambda   h1            a1            sigma1       
   0 1.8207824173e+17   0.00e+00  3.93e+07    3.303230e+00   4.035100e-01   1.000000e-09
  14 1.5437001440e-02  -2.97e-01  3.93e-07    3.316090e+00   7.584977e-10   8.953904e-10

After 14 iterations the fit converged.
final sum of squares of residuals : 0.015437
rel. change during last iteration : -2.96897e-06

degrees of freedom    (FIT_NDF)                        : 67
rms of residuals      (FIT_STDFIT) = sqrt(WSSR/ndf)    : 0.015179
variance of residuals (reduced chisquare) = WSSR/ndf   : 0.000230403

Final set of parameters            Asymptotic Standard Error
=======================            ==========================
h1              = 3.31609          +/- 0.002088     (0.06295%)
a1              = 7.58498e-10      +/- 2.039e-11    (2.689%)
sigma1          = 8.9539e-10       +/- 2.48e-11     (2.77%)

correlation matrix of the fit parameters:
                h1     a1     sigma1 
h1              1.000 
a1             -0.492  1.000 
sigma1         -0.306  0.690  1.000 


*******************************************************************************
Wed Mar 23 20:34:41 2022


FIT:    data read from file using 1:3 index 1
        format = x:z
        #datapoints = 70
        residuals are weighted equally (unit weight)

function used for fitting: gauss2(x)
	gauss2(x)= h2 +a2/(sigma2*sqrt(2.*pi))*exp(-(x-mu1)**2./(2.*sigma2**2))
fitted parameters initialized with current variable values

iter      chisq       delta/lim  lambda   h2            a2            sigma2       
   0 1.8207824093e+17   0.00e+00  3.93e+07    2.619230e+00   4.035100e-01   1.000000e-09
   4 4.2995343452e-01  -8.60e-02  3.93e+03    2.619230e+00   1.741231e-09   1.010298e-09

After 4 iterations the fit converged.
final sum of squares of residuals : 0.429953
rel. change during last iteration : -8.5962e-07

degrees of freedom    (FIT_NDF)                        : 67
rms of residuals      (FIT_STDFIT) = sqrt(WSSR/ndf)    : 0.0801075
variance of residuals (reduced chisquare) = WSSR/ndf   : 0.00641722

Final set of parameters            Asymptotic Standard Error
=======================            ==========================
h2              = 2.61923          +/- 0.01124      (0.4291%)
a2              = 1.74123e-09      +/- 1.168e-10    (6.707%)
sigma2          = 1.0103e-09       +/- 6.913e-11    (6.842%)

correlation matrix of the fit parameters:
                h2     a2     sigma2 
h2              1.000 
a2             -0.522  1.000 
sigma2         -0.329  0.691  1.000 


*******************************************************************************
Wed Mar 23 20:35:09 2022


FIT:    data read from file using 1:3 index 0
        format = x:z
        #datapoints = 70
        residuals are weighted equally (unit weight)

function used for fitting: gauss1(x)
	gauss1(x)= h1 +a1/(sigma1*sqrt(2.*pi))*exp(-(x-mu1)**2./(2.*sigma1**2))
fitted parameters initialized with current variable values

iter      chisq       delta/lim  lambda   h1            a1            sigma1       
   0 1.8207824173e+17   0.00e+00  3.93e+07    3.303230e+00   4.035100e-01   1.000000e-09
  14 1.5437001440e-02  -2.97e-01  3.93e-07    3.316090e+00   7.584977e-10   8.953904e-10

After 14 iterations the fit converged.
final sum of squares of residuals : 0.015437
rel. change during last iteration : -2.96897e-06

degrees of freedom    (FIT_NDF)                        : 67
rms of residuals      (FIT_STDFIT) = sqrt(WSSR/ndf)    : 0.015179
variance of residuals (reduced chisquare) = WSSR/ndf   : 0.000230403

Final set of parameters            Asymptotic Standard Error
=======================            ==========================
h1              = 3.31609          +/- 0.002088     (0.06295%)
a1              = 7.58498e-10      +/- 2.039e-11    (2.689%)
sigma1          = 8.9539e-10       +/- 2.48e-11     (2.77%)

correlation matrix of the fit parameters:
                h1     a1     sigma1 
h1              1.000 
a1             -0.492  1.000 
sigma1         -0.306  0.690  1.000 


*******************************************************************************
Wed Mar 23 20:35:09 2022


FIT:    data read from file using 1:3 index 1
        format = x:z
        #datapoints = 70
        residuals are weighted equally (unit weight)

function used for fitting: gauss2(x)
	gauss2(x)= h2 +a2/(sigma2*sqrt(2.*pi))*exp(-(x-mu1)**2./(2.*sigma2**2))
fitted parameters initialized with current variable values

iter      chisq       delta/lim  lambda   h2            a2            sigma2       
   0 2.3569581601e+17   0.00e+00  4.48e+07    2.619230e+00   4.035100e-01   8.000000e-10
   4 2.5323928361e-01  -2.17e-01  4.48e+03    2.619230e+00   1.570966e-09   8.086606e-10

After 4 iterations the fit converged.
final sum of squares of residuals : 0.253239
rel. change during last iteration : -2.17322e-06

degrees of freedom    (FIT_NDF)                        : 67
rms of residuals      (FIT_STDFIT) = sqrt(WSSR/ndf)    : 0.0614792
variance of residuals (reduced chisquare) = WSSR/ndf   : 0.00377969

Final set of parameters            Asymptotic Standard Error
=======================            ==========================
h2              = 2.61923          +/- 0.008332     (0.3181%)
a2              = 1.57097e-09      +/- 7.727e-11    (4.919%)
sigma2          = 8.08661e-10      +/- 4.125e-11    (5.101%)

correlation matrix of the fit parameters:
                h2     a2     sigma2 
h2              1.000 
a2             -0.469  1.000 
sigma2         -0.289  0.691  1.000 


*******************************************************************************
Wed Mar 23 20:35:23 2022


FIT:    data read from file using 1:3 index 0
        format = x:z
        #datapoints = 70
        residuals are weighted equally (unit weight)

function used for fitting: gauss1(x)
	gauss1(x)= h1 +a1/(sigma1*sqrt(2.*pi))*exp(-(x-mu1)**2./(2.*sigma1**2))
fitted parameters initialized with current variable values

iter      chisq       delta/lim  lambda   h1            a1            sigma1       
   0 1.8207824173e+17   0.00e+00  3.93e+07    3.303230e+00   4.035100e-01   1.000000e-09
  14 1.5437001440e-02  -2.97e-01  3.93e-07    3.316090e+00   7.584977e-10   8.953904e-10

After 14 iterations the fit converged.
final sum of squares of residuals : 0.015437
rel. change during last iteration : -2.96897e-06

degrees of freedom    (FIT_NDF)                        : 67
rms of residuals      (FIT_STDFIT) = sqrt(WSSR/ndf)    : 0.015179
variance of residuals (reduced chisquare) = WSSR/ndf   : 0.000230403

Final set of parameters            Asymptotic Standard Error
=======================            ==========================
h1              = 3.31609          +/- 0.002088     (0.06295%)
a1              = 7.58498e-10      +/- 2.039e-11    (2.689%)
sigma1          = 8.9539e-10       +/- 2.48e-11     (2.77%)

correlation matrix of the fit parameters:
                h1     a1     sigma1 
h1              1.000 
a1             -0.492  1.000 
sigma1         -0.306  0.690  1.000 


*******************************************************************************
Wed Mar 23 20:35:23 2022


FIT:    data read from file using 1:3 index 1
        format = x:z
        #datapoints = 70
        residuals are weighted equally (unit weight)

function used for fitting: gauss2(x)
	gauss2(x)= h2 +a2/(sigma2*sqrt(2.*pi))*exp(-(x-mu1)**2./(2.*sigma2**2))
fitted parameters initialized with current variable values

iter      chisq       delta/lim  lambda   h2            a2            sigma2       
   0 2.7597727030e+17   0.00e+00  4.86e+07    2.619230e+00   4.035100e-01   7.000000e-10
   4 1.8501977961e-01  -3.84e-01  4.86e+03    2.619230e+00   1.466248e-09   7.078407e-10

After 4 iterations the fit converged.
final sum of squares of residuals : 0.18502
rel. change during last iteration : -3.84184e-06

degrees of freedom    (FIT_NDF)                        : 67
rms of residuals      (FIT_STDFIT) = sqrt(WSSR/ndf)    : 0.0525499
variance of residuals (reduced chisquare) = WSSR/ndf   : 0.00276149

Final set of parameters            Asymptotic Standard Error
=======================            ==========================
h2              = 2.61923          +/- 0.007006     (0.2675%)
a2              = 1.46625e-09      +/- 6.069e-11    (4.139%)
sigma2          = 7.07841e-10      +/- 3.06e-11     (4.324%)

correlation matrix of the fit parameters:
                h2     a2     sigma2 
h2              1.000 
a2             -0.440  1.000 
sigma2         -0.268  0.694  1.000 


*******************************************************************************
Wed Mar 23 20:35:38 2022


FIT:    data read from file using 1:3 index 0
        format = x:z
        #datapoints = 70
        residuals are weighted equally (unit weight)

function used for fitting: gauss1(x)
	gauss1(x)= h1 +a1/(sigma1*sqrt(2.*pi))*exp(-(x-mu1)**2./(2.*sigma1**2))
fitted parameters initialized with current variable values

iter      chisq       delta/lim  lambda   h1            a1            sigma1       
   0 1.8207824173e+17   0.00e+00  3.93e+07    3.303230e+00   4.035100e-01   1.000000e-09
  14 1.5437001440e-02  -2.97e-01  3.93e-07    3.316090e+00   7.584977e-10   8.953904e-10

After 14 iterations the fit converged.
final sum of squares of residuals : 0.015437
rel. change during last iteration : -2.96897e-06

degrees of freedom    (FIT_NDF)                        : 67
rms of residuals      (FIT_STDFIT) = sqrt(WSSR/ndf)    : 0.015179
variance of residuals (reduced chisquare) = WSSR/ndf   : 0.000230403

Final set of parameters            Asymptotic Standard Error
=======================            ==========================
h1              = 3.31609          +/- 0.002088     (0.06295%)
a1              = 7.58498e-10      +/- 2.039e-11    (2.689%)
sigma1          = 8.9539e-10       +/- 2.48e-11     (2.77%)

correlation matrix of the fit parameters:
                h1     a1     sigma1 
h1              1.000 
a1             -0.492  1.000 
sigma1         -0.306  0.690  1.000 


*******************************************************************************
Wed Mar 23 20:35:38 2022


FIT:    data read from file using 1:3 index 1
        format = x:z
        #datapoints = 70
        residuals are weighted equally (unit weight)

function used for fitting: gauss2(x)
	gauss2(x)= h2 +a2/(sigma2*sqrt(2.*pi))*exp(-(x-mu1)**2./(2.*sigma2**2))
fitted parameters initialized with current variable values

iter      chisq       delta/lim  lambda   h2            a2            sigma2       
   0 3.3225666974e+17   0.00e+00  5.34e+07    2.619230e+00   4.035100e-01   6.000000e-10
   4 1.4479631976e-01  -6.71e-01  5.34e+03    2.619230e+00   1.344351e-09   6.070194e-10

After 4 iterations the fit converged.
final sum of squares of residuals : 0.144796
rel. change during last iteration : -6.7078e-06

degrees of freedom    (FIT_NDF)                        : 67
rms of residuals      (FIT_STDFIT) = sqrt(WSSR/ndf)    : 0.0464881
variance of residuals (reduced chisquare) = WSSR/ndf   : 0.00216114

Final set of parameters            Asymptotic Standard Error
=======================            ==========================
h2              = 2.61923          +/- 0.0061       (0.2329%)
a2              = 1.34435e-09      +/- 4.884e-11    (3.633%)
sigma2          = 6.07019e-10      +/- 2.318e-11    (3.818%)

correlation matrix of the fit parameters:
                h2     a2     sigma2 
h2              1.000 
a2             -0.409  1.000 
sigma2         -0.246  0.700  1.000 


*******************************************************************************
Wed Mar 23 20:35:56 2022


FIT:    data read from file using 1:3 index 0
        format = x:z
        #datapoints = 70
        residuals are weighted equally (unit weight)

function used for fitting: gauss1(x)
	gauss1(x)= h1 +a1/(sigma1*sqrt(2.*pi))*exp(-(x-mu1)**2./(2.*sigma1**2))
fitted parameters initialized with current variable values

iter      chisq       delta/lim  lambda   h1            a1            sigma1       
   0 1.8207824173e+17   0.00e+00  3.93e+07    3.303230e+00   4.035100e-01   1.000000e-09
  14 1.5437001440e-02  -2.97e-01  3.93e-07    3.316090e+00   7.584977e-10   8.953904e-10

After 14 iterations the fit converged.
final sum of squares of residuals : 0.015437
rel. change during last iteration : -2.96897e-06

degrees of freedom    (FIT_NDF)                        : 67
rms of residuals      (FIT_STDFIT) = sqrt(WSSR/ndf)    : 0.015179
variance of residuals (reduced chisquare) = WSSR/ndf   : 0.000230403

Final set of parameters            Asymptotic Standard Error
=======================            ==========================
h1              = 3.31609          +/- 0.002088     (0.06295%)
a1              = 7.58498e-10      +/- 2.039e-11    (2.689%)
sigma1          = 8.9539e-10       +/- 2.48e-11     (2.77%)

correlation matrix of the fit parameters:
                h1     a1     sigma1 
h1              1.000 
a1             -0.492  1.000 
sigma1         -0.306  0.690  1.000 


*******************************************************************************
Wed Mar 23 20:35:56 2022


FIT:    data read from file using 1:3 index 1
        format = x:z
        #datapoints = 70
        residuals are weighted equally (unit weight)

function used for fitting: gauss2(x)
	gauss2(x)= h2 +a2/(sigma2*sqrt(2.*pi))*exp(-(x-mu1)**2./(2.*sigma2**2))
fitted parameters initialized with current variable values

iter      chisq       delta/lim  lambda   h2            a2            sigma2       
   0 3.6149813652e+17   0.00e+00  5.58e+07    2.619230e+00   4.035100e-01   5.600000e-10
   4 1.4054540180e-01  -8.00e-01  5.58e+03    2.619230e+00   1.289869e-09   5.666903e-10

After 4 iterations the fit converged.
final sum of squares of residuals : 0.140545
rel. change during last iteration : -7.99695e-06

degrees of freedom    (FIT_NDF)                        : 67
rms of residuals      (FIT_STDFIT) = sqrt(WSSR/ndf)    : 0.0458006
variance of residuals (reduced chisquare) = WSSR/ndf   : 0.00209769

Final set of parameters            Asymptotic Standard Error
=======================            ==========================
h2              = 2.61923          +/- 0.005972     (0.228%)
a2              = 1.28987e-09      +/- 4.616e-11    (3.578%)
sigma2          = 5.6669e-10       +/- 2.136e-11    (3.769%)

correlation matrix of the fit parameters:
                h2     a2     sigma2 
h2              1.000 
a2             -0.396  1.000 
sigma2         -0.237  0.703  1.000 


*******************************************************************************
Wed Mar 23 20:40:15 2022


FIT:    data read from file using 1:3 index 0
        format = x:z
        #datapoints = 70
        residuals are weighted equally (unit weight)

function used for fitting: gauss1(x)
	gauss1(x)= h1 +a1/(sigma1*sqrt(2.*pi))*exp(-(x-mu1)**2./(2.*sigma1**2))
fitted parameters initialized with current variable values

iter      chisq       delta/lim  lambda   h1            a1            sigma1       
   0 2.5859845038e+21   0.00e+00  4.44e+09    3.269070e+00   4.035100e-01   2.000000e-11
   5 5.4890639318e-01  -2.15e-05  4.44e+04    3.269070e+00   6.389885e-12   2.035837e-11

After 5 iterations the fit converged.
final sum of squares of residuals : 0.548906
rel. change during last iteration : -2.14828e-10

degrees of freedom    (FIT_NDF)                        : 67
rms of residuals      (FIT_STDFIT) = sqrt(WSSR/ndf)    : 0.0905132
variance of residuals (reduced chisquare) = WSSR/ndf   : 0.00819263

Final set of parameters            Asymptotic Standard Error
=======================            ==========================
h1              = 3.26907          +/- 0.2488       (7.611%)
a1              = 6.38989e-12      +/- 2.19e-11     (342.7%)
sigma1          = 2.03584e-11      +/- 3.134e-11    (153.9%)

correlation matrix of the fit parameters:
                h1     a1     sigma1 
h1              1.000 
a1             -0.999  1.000 
sigma1         -0.988  0.993  1.000 


*******************************************************************************
Wed Mar 23 20:40:15 2022


FIT:    data read from file using 1:3 index 1
        format = x:z
        #datapoints = 70
        residuals are weighted equally (unit weight)

function used for fitting: gauss2(x)
	gauss2(x)= h2 +a2/(sigma2*sqrt(2.*pi))*exp(-(x-mu1)**2./(2.*sigma2**2))
fitted parameters initialized with current variable values

iter      chisq       delta/lim  lambda   h2            a2            sigma2       
   0 2.5859845037e+21   0.00e+00  4.44e+09    2.525340e+00   4.035100e-01   2.000000e-11
   5 3.4934597945e+00  -8.79e-06  4.44e+04    2.525340e+00   1.219262e-11   2.035837e-11

After 5 iterations the fit converged.
final sum of squares of residuals : 3.49346
rel. change during last iteration : -8.78567e-11

degrees of freedom    (FIT_NDF)                        : 67
rms of residuals      (FIT_STDFIT) = sqrt(WSSR/ndf)    : 0.228344
variance of residuals (reduced chisquare) = WSSR/ndf   : 0.0521412

Final set of parameters            Asymptotic Standard Error
=======================            ==========================
h2              = 2.52534          +/- 0.6277       (24.86%)
a2              = 1.21926e-11      +/- 5.525e-11    (453.1%)
sigma2          = 2.03584e-11      +/- 4.143e-11    (203.5%)

correlation matrix of the fit parameters:
                h2     a2     sigma2 
h2              1.000 
a2             -0.999  1.000 
sigma2         -0.988  0.993  1.000 


*******************************************************************************
Wed Mar 23 20:40:40 2022


FIT:    data read from file using 1:3 index 0
        format = x:z
        #datapoints = 70
        residuals are weighted equally (unit weight)

function used for fitting: gauss1(x)
	gauss1(x)= h1 +a1/(sigma1*sqrt(2.*pi))*exp(-(x-mu1)**2./(2.*sigma1**2))
fitted parameters initialized with current variable values

iter      chisq       delta/lim  lambda   h1            a1            sigma1       
   0 3.2506582283e+22   0.00e+00  1.67e+10    3.269070e+00   4.035100e-01   2.000000e-12
   5 2.7448714521e-01  -1.74e-05  1.67e+05    3.269070e+00   2.148527e-12   2.022700e-12

After 5 iterations the fit converged.
final sum of squares of residuals : 0.274487
rel. change during last iteration : -1.73689e-10

degrees of freedom    (FIT_NDF)                        : 67
rms of residuals      (FIT_STDFIT) = sqrt(WSSR/ndf)    : 0.0640064
variance of residuals (reduced chisquare) = WSSR/ndf   : 0.00409682

Final set of parameters            Asymptotic Standard Error
=======================            ==========================
h1              = 3.26907          +/- 0.008488     (0.2596%)
a1              = 2.14853e-12      +/- 2.151e-13    (10.01%)
sigma1          = 2.0227e-12       +/- 2.12e-13     (10.48%)

correlation matrix of the fit parameters:
                h1     a1     sigma1 
h1              1.000 
a1             -0.430  1.000 
sigma1         -0.261  0.696  1.000 


*******************************************************************************
Wed Mar 23 20:40:40 2022


FIT:    data read from file using 1:3 index 1
        format = x:z
        #datapoints = 70
        residuals are weighted equally (unit weight)

function used for fitting: gauss2(x)
	gauss2(x)= h2 +a2/(sigma2*sqrt(2.*pi))*exp(-(x-mu1)**2./(2.*sigma2**2))
fitted parameters initialized with current variable values

iter      chisq       delta/lim  lambda   h2            a2            sigma2       
   0 3.2506582283e+22   0.00e+00  1.67e+10    2.525340e+00   4.035100e-01   2.000000e-12
   5 3.8428797286e-01  -1.12e-05  1.67e+05    2.525340e+00   5.245926e-12   2.022700e-12

After 5 iterations the fit converged.
final sum of squares of residuals : 0.384288
rel. change during last iteration : -1.11851e-10

degrees of freedom    (FIT_NDF)                        : 67
rms of residuals      (FIT_STDFIT) = sqrt(WSSR/ndf)    : 0.075734
variance of residuals (reduced chisquare) = WSSR/ndf   : 0.00573564

Final set of parameters            Asymptotic Standard Error
=======================            ==========================
h2              = 2.52534          +/- 0.01004      (0.3977%)
a2              = 5.24593e-12      +/- 2.545e-13    (4.852%)
sigma2          = 2.0227e-12       +/- 1.027e-13    (5.08%)

correlation matrix of the fit parameters:
                h2     a2     sigma2 
h2              1.000 
a2             -0.430  1.000 
sigma2         -0.261  0.696  1.000 


*******************************************************************************
Wed Mar 23 20:41:53 2022


FIT:    data read from file using 1:3 index 0
        format = x:z
        #datapoints = 70
        residuals are weighted equally (unit weight)

function used for fitting: gauss1(x)
	gauss1(x)= h1 +a1/(sigma1*sqrt(2.*pi))*exp(-(x-mu1)**2./(2.*sigma1**2))
fitted parameters initialized with current variable values

iter      chisq       delta/lim  lambda   h1            a1            sigma1       
   0 9.5085085180e+20   0.00e+00  2.80e+09    3.269070e+00   4.035100e-01   4.000000e-11
   5 7.2826691013e-01  -3.09e-06  2.80e+04    3.269070e+00   1.014774e-11   4.703008e-11

After 5 iterations the fit converged.
final sum of squares of residuals : 0.728267
rel. change during last iteration : -3.08504e-11

degrees of freedom    (FIT_NDF)                        : 67
rms of residuals      (FIT_STDFIT) = sqrt(WSSR/ndf)    : 0.104258
variance of residuals (reduced chisquare) = WSSR/ndf   : 0.0108697

Final set of parameters            Asymptotic Standard Error
=======================            ==========================
h1              = 3.26907          +/- 7.57         (231.6%)
a1              = 1.01477e-11      +/- 1.379e-09    (1.359e+04%)
sigma1          = 4.70301e-11      +/- 2.263e-09    (4812%)

correlation matrix of the fit parameters:
                h1     a1     sigma1 
h1              1.000 
a1             -1.000  1.000 
sigma1         -1.000  1.000  1.000 


*******************************************************************************
Wed Mar 23 20:41:53 2022


FIT:    data read from file using 1:3 index 1
        format = x:z
        #datapoints = 70
        residuals are weighted equally (unit weight)

function used for fitting: gauss2(x)
	gauss2(x)= h2 +a2/(sigma2*sqrt(2.*pi))*exp(-(x-mu1)**2./(2.*sigma2**2))
fitted parameters initialized with current variable values

iter      chisq       delta/lim  lambda   h2            a2            sigma2       
   0 3.2506582283e+22   0.00e+00  1.67e+10    2.525340e+00   4.035100e-01   2.000000e-12
   5 3.8428797286e-01  -1.12e-05  1.67e+05    2.525340e+00   5.245926e-12   2.022700e-12

After 5 iterations the fit converged.
final sum of squares of residuals : 0.384288
rel. change during last iteration : -1.11851e-10

degrees of freedom    (FIT_NDF)                        : 67
rms of residuals      (FIT_STDFIT) = sqrt(WSSR/ndf)    : 0.075734
variance of residuals (reduced chisquare) = WSSR/ndf   : 0.00573564

Final set of parameters            Asymptotic Standard Error
=======================            ==========================
h2              = 2.52534          +/- 0.01004      (0.3977%)
a2              = 5.24593e-12      +/- 2.545e-13    (4.852%)
sigma2          = 2.0227e-12       +/- 1.027e-13    (5.08%)

correlation matrix of the fit parameters:
                h2     a2     sigma2 
h2              1.000 
a2             -0.430  1.000 
sigma2         -0.261  0.696  1.000 


*******************************************************************************
Wed Mar 23 20:42:22 2022


FIT:    data read from file using 1:3 index 0
        format = x:z
        #datapoints = 70
        residuals are weighted equally (unit weight)

function used for fitting: gauss1(x)
	gauss1(x)= h1 +a1/(sigma1*sqrt(2.*pi))*exp(-(x-mu1)**2./(2.*sigma1**2))
fitted parameters initialized with current variable values

iter      chisq       delta/lim  lambda   h1            a1            sigma1       
   0 3.2506582283e+22   0.00e+00  1.67e+10    3.269070e+00   4.035100e-01   2.000000e-12
   5 2.7448714521e-01  -1.74e-05  1.67e+05    3.269070e+00   2.148527e-12   2.022700e-12

After 5 iterations the fit converged.
final sum of squares of residuals : 0.274487
rel. change during last iteration : -1.73689e-10

degrees of freedom    (FIT_NDF)                        : 67
rms of residuals      (FIT_STDFIT) = sqrt(WSSR/ndf)    : 0.0640064
variance of residuals (reduced chisquare) = WSSR/ndf   : 0.00409682

Final set of parameters            Asymptotic Standard Error
=======================            ==========================
h1              = 3.26907          +/- 0.008488     (0.2596%)
a1              = 2.14853e-12      +/- 2.151e-13    (10.01%)
sigma1          = 2.0227e-12       +/- 2.12e-13     (10.48%)

correlation matrix of the fit parameters:
                h1     a1     sigma1 
h1              1.000 
a1             -0.430  1.000 
sigma1         -0.261  0.696  1.000 


*******************************************************************************
Wed Mar 23 20:42:22 2022


FIT:    data read from file using 1:3 index 1
        format = x:z
        #datapoints = 70
        residuals are weighted equally (unit weight)

function used for fitting: gauss2(x)
	gauss2(x)= h2 +a2/(sigma2*sqrt(2.*pi))*exp(-(x-mu1)**2./(2.*sigma2**2))
fitted parameters initialized with current variable values

iter      chisq       delta/lim  lambda   h2            a2            sigma2       
   0 3.2506582283e+22   0.00e+00  1.67e+10    2.525340e+00   4.035100e-01   2.000000e-12
   5 3.8428797286e-01  -1.12e-05  1.67e+05    2.525340e+00   5.245926e-12   2.022700e-12

After 5 iterations the fit converged.
final sum of squares of residuals : 0.384288
rel. change during last iteration : -1.11851e-10

degrees of freedom    (FIT_NDF)                        : 67
rms of residuals      (FIT_STDFIT) = sqrt(WSSR/ndf)    : 0.075734
variance of residuals (reduced chisquare) = WSSR/ndf   : 0.00573564

Final set of parameters            Asymptotic Standard Error
=======================            ==========================
h2              = 2.52534          +/- 0.01004      (0.3977%)
a2              = 5.24593e-12      +/- 2.545e-13    (4.852%)
sigma2          = 2.0227e-12       +/- 1.027e-13    (5.08%)

correlation matrix of the fit parameters:
                h2     a2     sigma2 
h2              1.000 
a2             -0.430  1.000 
sigma2         -0.261  0.696  1.000 


*******************************************************************************
Wed Mar 23 20:42:40 2022


FIT:    data read from file using 1:3 index 0
        format = x:z
        #datapoints = 70
        residuals are weighted equally (unit weight)

function used for fitting: gauss1(x)
	gauss1(x)= h1 +a1/(sigma1*sqrt(2.*pi))*exp(-(x-mu1)**2./(2.*sigma1**2))
fitted parameters initialized with current variable values

iter      chisq       delta/lim  lambda   h1            a1            sigma1       
   0 1.4633608253e+22   0.00e+00  1.11e+10    3.269070e+00   4.035100e-01   4.000000e-12
   5 3.5394129874e-02  -4.15e-05  1.11e+05    3.269070e+00   3.593787e-12   4.039066e-12

After 5 iterations the fit converged.
final sum of squares of residuals : 0.0353941
rel. change during last iteration : -4.14533e-10

degrees of freedom    (FIT_NDF)                        : 67
rms of residuals      (FIT_STDFIT) = sqrt(WSSR/ndf)    : 0.0229841
variance of residuals (reduced chisquare) = WSSR/ndf   : 0.000528271

Final set of parameters            Asymptotic Standard Error
=======================            ==========================
h1              = 3.26907          +/- 0.003437     (0.1051%)
a1              = 3.59379e-12      +/- 1.24e-13     (3.45%)
sigma1          = 4.03907e-12      +/- 1.377e-13    (3.409%)

correlation matrix of the fit parameters:
                h1     a1     sigma1 
h1              1.000 
a1             -0.600  1.000 
sigma1         -0.394  0.699  1.000 


*******************************************************************************
Wed Mar 23 20:42:40 2022


FIT:    data read from file using 1:3 index 1
        format = x:z
        #datapoints = 70
        residuals are weighted equally (unit weight)

function used for fitting: gauss2(x)
	gauss2(x)= h2 +a2/(sigma2*sqrt(2.*pi))*exp(-(x-mu1)**2./(2.*sigma2**2))
fitted parameters initialized with current variable values

iter      chisq       delta/lim  lambda   h2            a2            sigma2       
   0 3.2506582283e+22   0.00e+00  1.67e+10    2.525340e+00   4.035100e-01   2.000000e-12
   5 3.8428797286e-01  -1.12e-05  1.67e+05    2.525340e+00   5.245926e-12   2.022700e-12

After 5 iterations the fit converged.
final sum of squares of residuals : 0.384288
rel. change during last iteration : -1.11851e-10

degrees of freedom    (FIT_NDF)                        : 67
rms of residuals      (FIT_STDFIT) = sqrt(WSSR/ndf)    : 0.075734
variance of residuals (reduced chisquare) = WSSR/ndf   : 0.00573564

Final set of parameters            Asymptotic Standard Error
=======================            ==========================
h2              = 2.52534          +/- 0.01004      (0.3977%)
a2              = 5.24593e-12      +/- 2.545e-13    (4.852%)
sigma2          = 2.0227e-12       +/- 1.027e-13    (5.08%)

correlation matrix of the fit parameters:
                h2     a2     sigma2 
h2              1.000 
a2             -0.430  1.000 
sigma2         -0.261  0.696  1.000 


*******************************************************************************
Wed Mar 23 20:47:05 2022


FIT:    data read from file using 1:3 index 0
        format = x:z
        #datapoints = 70
        residuals are weighted equally (unit weight)

function used for fitting: gauss1(x)
	gauss1(x)= h1 +a1/(sigma1*sqrt(2.*pi))*exp(-(x-mu1)**2./(2.*sigma1**2))
fitted parameters initialized with current variable values

iter      chisq       delta/lim  lambda   h1            a1            sigma1       
   0 8.3973169624e+26   0.00e+00  2.66e+12    3.244830e+00   4.035100e-01   2.000000e-14
   5 4.0723486299e-02  -2.08e-07  2.66e+07    3.244830e+00   1.359411e-14   2.017817e-14

After 5 iterations the fit converged.
final sum of squares of residuals : 0.0407235
rel. change during last iteration : -2.07604e-12

degrees of freedom    (FIT_NDF)                        : 67
rms of residuals      (FIT_STDFIT) = sqrt(WSSR/ndf)    : 0.0246539
variance of residuals (reduced chisquare) = WSSR/ndf   : 0.000607813

Final set of parameters            Asymptotic Standard Error
=======================            ==========================
h1              = 3.24483          +/- 0.004313     (0.1329%)
a1              = 1.35941e-14      +/- 6.33e-16     (4.656%)
sigma1          = 2.01782e-14      +/- 8.606e-16    (4.265%)

correlation matrix of the fit parameters:
                h1     a1     sigma1 
h1              1.000 
a1             -0.730  1.000 
sigma1         -0.519  0.732  1.000 


*******************************************************************************
Wed Mar 23 20:47:05 2022


FIT:    data read from file using 1:3 index 1
        format = x:z
        #datapoints = 70
        residuals are weighted equally (unit weight)

function used for fitting: gauss2(x)
	gauss2(x)= h2 +a2/(sigma2*sqrt(2.*pi))*exp(-(x-mu1)**2./(2.*sigma2**2))
fitted parameters initialized with current variable values

iter      chisq       delta/lim  lambda   h2            a2            sigma2       
   0 8.3973169624e+26   0.00e+00  2.66e+12    2.391100e+00   4.035100e-01   2.000000e-14
   5 1.1024437585e+00  -7.73e-09  2.66e+07    2.391100e+00   3.175323e-14   2.017817e-14

After 5 iterations the fit converged.
final sum of squares of residuals : 1.10244
rel. change during last iteration : -7.73419e-14

degrees of freedom    (FIT_NDF)                        : 67
rms of residuals      (FIT_STDFIT) = sqrt(WSSR/ndf)    : 0.128275
variance of residuals (reduced chisquare) = WSSR/ndf   : 0.0164544

Final set of parameters            Asymptotic Standard Error
=======================            ==========================
h2              = 2.3911           +/- 0.02244      (0.9385%)
a2              = 3.17532e-14      +/- 3.293e-15    (10.37%)
sigma2          = 2.01782e-14      +/- 1.917e-15    (9.5%)

correlation matrix of the fit parameters:
                h2     a2     sigma2 
h2              1.000 
a2             -0.730  1.000 
sigma2         -0.519  0.732  1.000 


*******************************************************************************
Wed Mar 23 20:47:34 2022


FIT:    data read from file using 1:3 index 0
        format = x:z
        #datapoints = 70
        residuals are weighted equally (unit weight)

function used for fitting: gauss1(x)
	gauss1(x)= h1 +a1/(sigma1*sqrt(2.*pi))*exp(-(x-mu1)**2./(2.*sigma1**2))
fitted parameters initialized with current variable values

iter      chisq       delta/lim  lambda   h1            a1            sigma1       
   0 1.4115691238e+28   0.00e+00  1.18e+13    3.244830e+00   4.035100e-01   2.000000e-15
   5 7.5257579419e-01  -4.37e-06  1.18e+08    3.244830e+00   1.659385e-15   2.034191e-15

After 5 iterations the fit converged.
final sum of squares of residuals : 0.752576
rel. change during last iteration : -4.37379e-11

degrees of freedom    (FIT_NDF)                        : 67
rms of residuals      (FIT_STDFIT) = sqrt(WSSR/ndf)    : 0.105983
variance of residuals (reduced chisquare) = WSSR/ndf   : 0.0112325

Final set of parameters            Asymptotic Standard Error
=======================            ==========================
h1              = 3.24483          +/- 0.0131       (0.4036%)
a1              = 1.65938e-15      +/- 5.819e-16    (35.07%)
sigma1          = 2.03419e-15      +/- 6.735e-16    (33.11%)

correlation matrix of the fit parameters:
                h1     a1     sigma1 
h1              1.000 
a1             -0.243  1.000 
sigma1         -0.140  0.767  1.000 


*******************************************************************************
Wed Mar 23 20:47:34 2022


FIT:    data read from file using 1:3 index 1
        format = x:z
        #datapoints = 70
        residuals are weighted equally (unit weight)

function used for fitting: gauss2(x)
	gauss2(x)= h2 +a2/(sigma2*sqrt(2.*pi))*exp(-(x-mu1)**2./(2.*sigma2**2))
fitted parameters initialized with current variable values

iter      chisq       delta/lim  lambda   h2            a2            sigma2       
   0 1.4115691238e+28   0.00e+00  1.18e+13    2.391100e+00   4.035100e-01   2.000000e-15
   5 2.6901175943e+00  -1.22e-06  1.18e+08    2.391100e+00   6.498795e-15   2.034191e-15

After 5 iterations the fit converged.
final sum of squares of residuals : 2.69012
rel. change during last iteration : -1.2236e-11

degrees of freedom    (FIT_NDF)                        : 67
rms of residuals      (FIT_STDFIT) = sqrt(WSSR/ndf)    : 0.200377
variance of residuals (reduced chisquare) = WSSR/ndf   : 0.040151

Final set of parameters            Asymptotic Standard Error
=======================            ==========================
h2              = 2.3911           +/- 0.02476      (1.036%)
a2              = 6.49879e-15      +/- 1.1e-15      (16.93%)
sigma2          = 2.03419e-15      +/- 3.251e-16    (15.98%)

correlation matrix of the fit parameters:
                h2     a2     sigma2 
h2              1.000 
a2             -0.243  1.000 
sigma2         -0.140  0.767  1.000 


*******************************************************************************
Wed Mar 23 20:47:54 2022


FIT:    data read from file using 1:3 index 0
        format = x:z
        #datapoints = 70
        residuals are weighted equally (unit weight)

function used for fitting: gauss1(x)
	gauss1(x)= h1 +a1/(sigma1*sqrt(2.*pi))*exp(-(x-mu1)**2./(2.*sigma1**2))
fitted parameters initialized with current variable values

iter      chisq       delta/lim  lambda   h1            a1            sigma1       
   0 4.0641398177e+26   0.00e+00  1.84e+12    3.244830e+00   4.035100e-01   4.000000e-14
   5 2.5049373022e-01  -1.52e-08  1.84e+07    3.244830e+00   1.723321e-14   4.035780e-14

After 5 iterations the fit converged.
final sum of squares of residuals : 0.250494
rel. change during last iteration : -1.52022e-13

degrees of freedom    (FIT_NDF)                        : 67
rms of residuals      (FIT_STDFIT) = sqrt(WSSR/ndf)    : 0.061145
variance of residuals (reduced chisquare) = WSSR/ndf   : 0.00373871

Final set of parameters            Asymptotic Standard Error
=======================            ==========================
h1              = 3.24483          +/- 0.02926      (0.9017%)
a1              = 1.72332e-14      +/- 6.148e-15    (35.67%)
sigma1          = 4.03578e-14      +/- 9.339e-15    (23.14%)

correlation matrix of the fit parameters:
                h1     a1     sigma1 
h1              1.000 
a1             -0.968  1.000 
sigma1         -0.893  0.933  1.000 


*******************************************************************************
Wed Mar 23 20:47:54 2022


FIT:    data read from file using 1:3 index 1
        format = x:z
        #datapoints = 70
        residuals are weighted equally (unit weight)

function used for fitting: gauss2(x)
	gauss2(x)= h2 +a2/(sigma2*sqrt(2.*pi))*exp(-(x-mu1)**2./(2.*sigma2**2))
fitted parameters initialized with current variable values

iter      chisq       delta/lim  lambda   h2            a2            sigma2       
   0 4.0641398177e+26   0.00e+00  1.84e+12    2.391100e+00   4.035100e-01   4.000000e-14
   5 2.7448286384e+00  -1.42e-09  1.84e+07    2.391100e+00   3.766984e-14   4.035780e-14

After 5 iterations the fit converged.
final sum of squares of residuals : 2.74483
rel. change during last iteration : -1.42376e-14

degrees of freedom    (FIT_NDF)                        : 67
rms of residuals      (FIT_STDFIT) = sqrt(WSSR/ndf)    : 0.202405
variance of residuals (reduced chisquare) = WSSR/ndf   : 0.0409676

Final set of parameters            Asymptotic Standard Error
=======================            ==========================
h2              = 2.3911           +/- 0.09686      (4.051%)
a2              = 3.76698e-14      +/- 2.035e-14    (54.02%)
sigma2          = 4.03578e-14      +/- 1.414e-14    (35.04%)

correlation matrix of the fit parameters:
                h2     a2     sigma2 
h2              1.000 
a2             -0.968  1.000 
sigma2         -0.893  0.933  1.000 


*******************************************************************************
Wed Mar 23 20:48:04 2022


FIT:    data read from file using 1:3 index 0
        format = x:z
        #datapoints = 70
        residuals are weighted equally (unit weight)

function used for fitting: gauss1(x)
	gauss1(x)= h1 +a1/(sigma1*sqrt(2.*pi))*exp(-(x-mu1)**2./(2.*sigma1**2))
fitted parameters initialized with current variable values

iter      chisq       delta/lim  lambda   h1            a1            sigma1       
   0 5.4876501071e+26   0.00e+00  2.14e+12    3.244830e+00   4.035100e-01   3.000000e-14
   5 1.4200205768e-01  -3.66e-08  2.14e+07    3.244830e+00   1.588776e-14   3.026613e-14

After 5 iterations the fit converged.
final sum of squares of residuals : 0.142002
rel. change during last iteration : -3.65704e-13

degrees of freedom    (FIT_NDF)                        : 67
rms of residuals      (FIT_STDFIT) = sqrt(WSSR/ndf)    : 0.0460373
variance of residuals (reduced chisquare) = WSSR/ndf   : 0.00211943

Final set of parameters            Asymptotic Standard Error
=======================            ==========================
h1              = 3.24483          +/- 0.01186      (0.3656%)
a1              = 1.58878e-14      +/- 2.15e-15     (13.53%)
sigma1          = 3.02661e-14      +/- 3.23e-15     (10.67%)

correlation matrix of the fit parameters:
                h1     a1     sigma1 
h1              1.000 
a1             -0.886  1.000 
sigma1         -0.735  0.840  1.000 


*******************************************************************************
Wed Mar 23 20:48:04 2022


FIT:    data read from file using 1:3 index 1
        format = x:z
        #datapoints = 70
        residuals are weighted equally (unit weight)

function used for fitting: gauss2(x)
	gauss2(x)= h2 +a2/(sigma2*sqrt(2.*pi))*exp(-(x-mu1)**2./(2.*sigma2**2))
fitted parameters initialized with current variable values

iter      chisq       delta/lim  lambda   h2            a2            sigma2       
   0 5.4876501071e+26   0.00e+00  2.14e+12    2.391100e+00   4.035100e-01   3.000000e-14
   5 2.0436663311e+00  -2.54e-09  2.14e+07    2.391100e+00   3.550812e-14   3.026613e-14

After 5 iterations the fit converged.
final sum of squares of residuals : 2.04367
rel. change during last iteration : -2.54241e-14

degrees of freedom    (FIT_NDF)                        : 67
rms of residuals      (FIT_STDFIT) = sqrt(WSSR/ndf)    : 0.17465
variance of residuals (reduced chisquare) = WSSR/ndf   : 0.0305025

Final set of parameters            Asymptotic Standard Error
=======================            ==========================
h2              = 2.3911           +/- 0.045        (1.882%)
a2              = 3.55081e-14      +/- 8.157e-15    (22.97%)
sigma2          = 3.02661e-14      +/- 5.482e-15    (18.11%)

correlation matrix of the fit parameters:
                h2     a2     sigma2 
h2              1.000 
a2             -0.886  1.000 
sigma2         -0.735  0.840  1.000 


*******************************************************************************
Wed Mar 23 20:48:15 2022


FIT:    data read from file using 1:3 index 0
        format = x:z
        #datapoints = 70
        residuals are weighted equally (unit weight)

function used for fitting: gauss1(x)
	gauss1(x)= h1 +a1/(sigma1*sqrt(2.*pi))*exp(-(x-mu1)**2./(2.*sigma1**2))
fitted parameters initialized with current variable values

iter      chisq       delta/lim  lambda   h1            a1            sigma1       
   0 6.3742754115e+26   0.00e+00  2.31e+12    3.244830e+00   4.035100e-01   2.600000e-14
   5 9.7557058254e-02  -6.25e-08  2.31e+07    3.244830e+00   1.512546e-14   2.623142e-14

After 5 iterations the fit converged.
final sum of squares of residuals : 0.0975571
rel. change during last iteration : -6.24918e-13

degrees of freedom    (FIT_NDF)                        : 67
rms of residuals      (FIT_STDFIT) = sqrt(WSSR/ndf)    : 0.0381586
variance of residuals (reduced chisquare) = WSSR/ndf   : 0.00145608

Final set of parameters            Asymptotic Standard Error
=======================            ==========================
h1              = 3.24483          +/- 0.008171     (0.2518%)
a1              = 1.51255e-14      +/- 1.376e-15    (9.096%)
sigma1          = 2.62314e-14      +/- 2.014e-15    (7.676%)

correlation matrix of the fit parameters:
                h1     a1     sigma1 
h1              1.000 
a1             -0.830  1.000 
sigma1         -0.647  0.794  1.000 


*******************************************************************************
Wed Mar 23 20:48:15 2022


FIT:    data read from file using 1:3 index 1
        format = x:z
        #datapoints = 70
        residuals are weighted equally (unit weight)

function used for fitting: gauss2(x)
	gauss2(x)= h2 +a2/(sigma2*sqrt(2.*pi))*exp(-(x-mu1)**2./(2.*sigma2**2))
fitted parameters initialized with current variable values

iter      chisq       delta/lim  lambda   h2            a2            sigma2       
   0 6.3742754115e+26   0.00e+00  2.31e+12    2.391100e+00   4.035100e-01   2.600000e-14
   5 1.6978072649e+00  -3.66e-09  2.31e+07    2.391100e+00   3.427349e-14   2.623142e-14

After 5 iterations the fit converged.
final sum of squares of residuals : 1.69781
rel. change during last iteration : -3.66193e-14

degrees of freedom    (FIT_NDF)                        : 67
rms of residuals      (FIT_STDFIT) = sqrt(WSSR/ndf)    : 0.159187
variance of residuals (reduced chisquare) = WSSR/ndf   : 0.0253404

Final set of parameters            Asymptotic Standard Error
=======================            ==========================
h2              = 2.3911           +/- 0.03409      (1.426%)
a2              = 3.42735e-14      +/- 5.739e-15    (16.75%)
sigma2          = 2.62314e-14      +/- 3.707e-15    (14.13%)

correlation matrix of the fit parameters:
                h2     a2     sigma2 
h2              1.000 
a2             -0.830  1.000 
sigma2         -0.647  0.794  1.000 


*******************************************************************************
Wed Mar 23 20:48:29 2022


FIT:    data read from file using 1:3 index 0
        format = x:z
        #datapoints = 70
        residuals are weighted equally (unit weight)

function used for fitting: gauss1(x)
	gauss1(x)= h1 +a1/(sigma1*sqrt(2.*pi))*exp(-(x-mu1)**2./(2.*sigma1**2))
fitted parameters initialized with current variable values

iter      chisq       delta/lim  lambda   h1            a1            sigma1       
   0 9.3882783588e+26   0.00e+00  2.81e+12    3.244830e+00   4.035100e-01   1.800000e-14
   5 2.9108573514e-02  -3.39e-07  2.81e+07    3.244830e+00   1.293612e-14   1.816095e-14

After 5 iterations the fit converged.
final sum of squares of residuals : 0.0291086
rel. change during last iteration : -3.39179e-12

degrees of freedom    (FIT_NDF)                        : 67
rms of residuals      (FIT_STDFIT) = sqrt(WSSR/ndf)    : 0.0208436
variance of residuals (reduced chisquare) = WSSR/ndf   : 0.000434456

Final set of parameters            Asymptotic Standard Error
=======================            ==========================
h1              = 3.24483          +/- 0.003461     (0.1067%)
a1              = 1.29361e-14      +/- 4.81e-16     (3.718%)
sigma1          = 1.8161e-14       +/- 6.321e-16    (3.481%)

correlation matrix of the fit parameters:
                h1     a1     sigma1 
h1              1.000 
a1             -0.694  1.000 
sigma1         -0.481  0.716  1.000 


*******************************************************************************
Wed Mar 23 20:48:29 2022


FIT:    data read from file using 1:3 index 1
        format = x:z
        #datapoints = 70
        residuals are weighted equally (unit weight)

function used for fitting: gauss2(x)
	gauss2(x)= h2 +a2/(sigma2*sqrt(2.*pi))*exp(-(x-mu1)**2./(2.*sigma2**2))
fitted parameters initialized with current variable values

iter      chisq       delta/lim  lambda   h2            a2            sigma2       
   0 9.3882783588e+26   0.00e+00  2.81e+12    2.391100e+00   4.035100e-01   1.800000e-14
   5 8.8953836627e-01  -1.11e-08  2.81e+07    2.391100e+00   3.064644e-14   1.816095e-14

After 5 iterations the fit converged.
final sum of squares of residuals : 0.889538
rel. change during last iteration : -1.1108e-13

degrees of freedom    (FIT_NDF)                        : 67
rms of residuals      (FIT_STDFIT) = sqrt(WSSR/ndf)    : 0.115225
variance of residuals (reduced chisquare) = WSSR/ndf   : 0.0132767

Final set of parameters            Asymptotic Standard Error
=======================            ==========================
h2              = 2.3911           +/- 0.01913      (0.8002%)
a2              = 3.06464e-14      +/- 2.659e-15    (8.676%)
sigma2          = 1.8161e-14       +/- 1.475e-15    (8.122%)

correlation matrix of the fit parameters:
                h2     a2     sigma2 
h2              1.000 
a2             -0.694  1.000 
sigma2         -0.481  0.716  1.000 


*******************************************************************************
Wed Mar 23 20:48:46 2022


FIT:    data read from file using 1:3 index 0
        format = x:z
        #datapoints = 70
        residuals are weighted equally (unit weight)

function used for fitting: gauss1(x)
	gauss1(x)= h1 +a1/(sigma1*sqrt(2.*pi))*exp(-(x-mu1)**2./(2.*sigma1**2))
fitted parameters initialized with current variable values

iter      chisq       delta/lim  lambda   h1            a1            sigma1       
   0 9.3882783588e+26   0.00e+00  2.81e+12    3.244830e+00   4.035100e-01   1.800000e-14
   5 2.9108573514e-02  -3.39e-07  2.81e+07    3.244830e+00   1.293612e-14   1.816095e-14

After 5 iterations the fit converged.
final sum of squares of residuals : 0.0291086
rel. change during last iteration : -3.39179e-12

degrees of freedom    (FIT_NDF)                        : 67
rms of residuals      (FIT_STDFIT) = sqrt(WSSR/ndf)    : 0.0208436
variance of residuals (reduced chisquare) = WSSR/ndf   : 0.000434456

Final set of parameters            Asymptotic Standard Error
=======================            ==========================
h1              = 3.24483          +/- 0.003461     (0.1067%)
a1              = 1.29361e-14      +/- 4.81e-16     (3.718%)
sigma1          = 1.8161e-14       +/- 6.321e-16    (3.481%)

correlation matrix of the fit parameters:
                h1     a1     sigma1 
h1              1.000 
a1             -0.694  1.000 
sigma1         -0.481  0.716  1.000 


*******************************************************************************
Wed Mar 23 20:48:46 2022


FIT:    data read from file using 1:3 index 1
        format = x:z
        #datapoints = 70
        residuals are weighted equally (unit weight)

function used for fitting: gauss2(x)
	gauss2(x)= h2 +a2/(sigma2*sqrt(2.*pi))*exp(-(x-mu1)**2./(2.*sigma2**2))
fitted parameters initialized with current variable values

iter      chisq       delta/lim  lambda   h2            a2            sigma2       
   0 1.2302962114e+27   0.00e+00  3.24e+12    2.391100e+00   4.035100e-01   1.400000e-14
   5 4.8185003096e-01  -3.12e-08  3.24e+07    2.391100e+00   2.777812e-14   1.412954e-14

After 5 iterations the fit converged.
final sum of squares of residuals : 0.48185
rel. change during last iteration : -3.12203e-13

degrees of freedom    (FIT_NDF)                        : 67
rms of residuals      (FIT_STDFIT) = sqrt(WSSR/ndf)    : 0.0848044
variance of residuals (reduced chisquare) = WSSR/ndf   : 0.00719179

Final set of parameters            Asymptotic Standard Error
=======================            ==========================
h2              = 2.3911           +/- 0.01288      (0.5385%)
a2              = 2.77781e-14      +/- 1.578e-15    (5.682%)
sigma2          = 1.41295e-14      +/- 7.815e-16    (5.531%)

correlation matrix of the fit parameters:
                h2     a2     sigma2 
h2              1.000 
a2             -0.616  1.000 
sigma2         -0.410  0.694  1.000 


*******************************************************************************
Wed Mar 23 20:48:54 2022


FIT:    data read from file using 1:3 index 0
        format = x:z
        #datapoints = 70
        residuals are weighted equally (unit weight)

function used for fitting: gauss1(x)
	gauss1(x)= h1 +a1/(sigma1*sqrt(2.*pi))*exp(-(x-mu1)**2./(2.*sigma1**2))
fitted parameters initialized with current variable values

iter      chisq       delta/lim  lambda   h1            a1            sigma1       
   0 9.3882783588e+26   0.00e+00  2.81e+12    3.244830e+00   4.035100e-01   1.800000e-14
   5 2.9108573514e-02  -3.39e-07  2.81e+07    3.244830e+00   1.293612e-14   1.816095e-14

After 5 iterations the fit converged.
final sum of squares of residuals : 0.0291086
rel. change during last iteration : -3.39179e-12

degrees of freedom    (FIT_NDF)                        : 67
rms of residuals      (FIT_STDFIT) = sqrt(WSSR/ndf)    : 0.0208436
variance of residuals (reduced chisquare) = WSSR/ndf   : 0.000434456

Final set of parameters            Asymptotic Standard Error
=======================            ==========================
h1              = 3.24483          +/- 0.003461     (0.1067%)
a1              = 1.29361e-14      +/- 4.81e-16     (3.718%)
sigma1          = 1.8161e-14       +/- 6.321e-16    (3.481%)

correlation matrix of the fit parameters:
                h1     a1     sigma1 
h1              1.000 
a1             -0.694  1.000 
sigma1         -0.481  0.716  1.000 


*******************************************************************************
Wed Mar 23 20:48:54 2022


FIT:    data read from file using 1:3 index 1
        format = x:z
        #datapoints = 70
        residuals are weighted equally (unit weight)

function used for fitting: gauss2(x)
	gauss2(x)= h2 +a2/(sigma2*sqrt(2.*pi))*exp(-(x-mu1)**2./(2.*sigma2**2))
fitted parameters initialized with current variable values

iter      chisq       delta/lim  lambda   h2            a2            sigma2       
   0 1.4583915735e+27   0.00e+00  3.53e+12    2.391100e+00   4.035100e-01   1.200000e-14
   5 3.2140220082e-01  -6.13e-08  3.53e+07    2.391100e+00   2.587409e-14   1.211577e-14

After 5 iterations the fit converged.
final sum of squares of residuals : 0.321402
rel. change during last iteration : -6.13486e-13

degrees of freedom    (FIT_NDF)                        : 67
rms of residuals      (FIT_STDFIT) = sqrt(WSSR/ndf)    : 0.0692607
variance of residuals (reduced chisquare) = WSSR/ndf   : 0.00479705

Final set of parameters            Asymptotic Standard Error
=======================            ==========================
h2              = 2.3911           +/- 0.01011      (0.4227%)
a2              = 2.58741e-14      +/- 1.151e-15    (4.45%)
sigma2          = 1.21158e-14      +/- 5.36e-16     (4.424%)

correlation matrix of the fit parameters:
                h2     a2     sigma2 
h2              1.000 
a2             -0.573  1.000 
sigma2         -0.375  0.690  1.000 


*******************************************************************************
Wed Mar 23 20:49:02 2022


FIT:    data read from file using 1:3 index 0
        format = x:z
        #datapoints = 70
        residuals are weighted equally (unit weight)

function used for fitting: gauss1(x)
	gauss1(x)= h1 +a1/(sigma1*sqrt(2.*pi))*exp(-(x-mu1)**2./(2.*sigma1**2))
fitted parameters initialized with current variable values

iter      chisq       delta/lim  lambda   h1            a1            sigma1       
   0 9.3882783588e+26   0.00e+00  2.81e+12    3.244830e+00   4.035100e-01   1.800000e-14
   5 2.9108573514e-02  -3.39e-07  2.81e+07    3.244830e+00   1.293612e-14   1.816095e-14

After 5 iterations the fit converged.
final sum of squares of residuals : 0.0291086
rel. change during last iteration : -3.39179e-12

degrees of freedom    (FIT_NDF)                        : 67
rms of residuals      (FIT_STDFIT) = sqrt(WSSR/ndf)    : 0.0208436
variance of residuals (reduced chisquare) = WSSR/ndf   : 0.000434456

Final set of parameters            Asymptotic Standard Error
=======================            ==========================
h1              = 3.24483          +/- 0.003461     (0.1067%)
a1              = 1.29361e-14      +/- 4.81e-16     (3.718%)
sigma1          = 1.8161e-14       +/- 6.321e-16    (3.481%)

correlation matrix of the fit parameters:
                h1     a1     sigma1 
h1              1.000 
a1             -0.694  1.000 
sigma1         -0.481  0.716  1.000 


*******************************************************************************
Wed Mar 23 20:49:02 2022


FIT:    data read from file using 1:3 index 1
        format = x:z
        #datapoints = 70
        residuals are weighted equally (unit weight)

function used for fitting: gauss2(x)
	gauss2(x)= h2 +a2/(sigma2*sqrt(2.*pi))*exp(-(x-mu1)**2./(2.*sigma2**2))
fitted parameters initialized with current variable values

iter      chisq       delta/lim  lambda   h2            a2            sigma2       
   0 1.7916278916e+27   0.00e+00  3.91e+12    2.391100e+00   4.035100e-01   1.000000e-14
   5 2.3092766469e-01  -1.17e-07  3.91e+07    2.391100e+00   2.353222e-14   1.010227e-14

After 5 iterations the fit converged.
final sum of squares of residuals : 0.230928
rel. change during last iteration : -1.16718e-12

degrees of freedom    (FIT_NDF)                        : 67
rms of residuals      (FIT_STDFIT) = sqrt(WSSR/ndf)    : 0.0587084
variance of residuals (reduced chisquare) = WSSR/ndf   : 0.00344668

Final set of parameters            Asymptotic Standard Error
=======================            ==========================
h2              = 2.3911           +/- 0.008247     (0.3449%)
a2              = 2.35322e-14      +/- 8.621e-16    (3.663%)
sigma2          = 1.01023e-14      +/- 3.769e-16    (3.731%)

correlation matrix of the fit parameters:
                h2     a2     sigma2 
h2              1.000 
a2             -0.524  1.000 
sigma2         -0.336  0.691  1.000 


*******************************************************************************
Wed Mar 23 20:49:15 2022


FIT:    data read from file using 1:3 index 0
        format = x:z
        #datapoints = 70
        residuals are weighted equally (unit weight)

function used for fitting: gauss1(x)
	gauss1(x)= h1 +a1/(sigma1*sqrt(2.*pi))*exp(-(x-mu1)**2./(2.*sigma1**2))
fitted parameters initialized with current variable values

iter      chisq       delta/lim  lambda   h1            a1            sigma1       
   0 9.3882783588e+26   0.00e+00  2.81e+12    3.244830e+00   4.035100e-01   1.800000e-14
   5 2.9108573514e-02  -3.39e-07  2.81e+07    3.244830e+00   1.293612e-14   1.816095e-14

After 5 iterations the fit converged.
final sum of squares of residuals : 0.0291086
rel. change during last iteration : -3.39179e-12

degrees of freedom    (FIT_NDF)                        : 67
rms of residuals      (FIT_STDFIT) = sqrt(WSSR/ndf)    : 0.0208436
variance of residuals (reduced chisquare) = WSSR/ndf   : 0.000434456

Final set of parameters            Asymptotic Standard Error
=======================            ==========================
h1              = 3.24483          +/- 0.003461     (0.1067%)
a1              = 1.29361e-14      +/- 4.81e-16     (3.718%)
sigma1          = 1.8161e-14       +/- 6.321e-16    (3.481%)

correlation matrix of the fit parameters:
                h1     a1     sigma1 
h1              1.000 
a1             -0.694  1.000 
sigma1         -0.481  0.716  1.000 


*******************************************************************************
Wed Mar 23 20:49:15 2022


FIT:    data read from file using 1:3 index 1
        format = x:z
        #datapoints = 70
        residuals are weighted equally (unit weight)

function used for fitting: gauss2(x)
	gauss2(x)= h2 +a2/(sigma2*sqrt(2.*pi))*exp(-(x-mu1)**2./(2.*sigma2**2))
fitted parameters initialized with current variable values

iter      chisq       delta/lim  lambda   h2            a2            sigma2       
   0 2.3189315191e+27   0.00e+00  4.44e+12    2.391100e+00   4.035100e-01   8.000000e-15
   5 2.6381551638e-01  -1.50e-07  4.44e+07    2.391100e+00   2.063882e-14   8.087214e-15

After 5 iterations the fit converged.
final sum of squares of residuals : 0.263816
rel. change during last iteration : -1.49775e-12

degrees of freedom    (FIT_NDF)                        : 67
rms of residuals      (FIT_STDFIT) = sqrt(WSSR/ndf)    : 0.0627499
variance of residuals (reduced chisquare) = WSSR/ndf   : 0.00393755

Final set of parameters            Asymptotic Standard Error
=======================            ==========================
h2              = 2.3911           +/- 0.008497     (0.3553%)
a2              = 2.06388e-14      +/- 7.96e-16     (3.857%)
sigma2          = 8.08721e-15      +/- 3.253e-16    (4.022%)

correlation matrix of the fit parameters:
                h2     a2     sigma2 
h2              1.000 
a2             -0.468  1.000 
sigma2         -0.290  0.693  1.000 


*******************************************************************************
Wed Mar 23 20:49:34 2022


FIT:    data read from file using 1:3 index 0
        format = x:z
        #datapoints = 70
        residuals are weighted equally (unit weight)

function used for fitting: gauss1(x)
	gauss1(x)= h1 +a1/(sigma1*sqrt(2.*pi))*exp(-(x-mu1)**2./(2.*sigma1**2))
fitted parameters initialized with current variable values

iter      chisq       delta/lim  lambda   h1            a1            sigma1       
   0 9.3882783588e+26   0.00e+00  2.81e+12    3.244830e+00   4.035100e-01   1.800000e-14
   5 2.9108573514e-02  -3.39e-07  2.81e+07    3.244830e+00   1.293612e-14   1.816095e-14

After 5 iterations the fit converged.
final sum of squares of residuals : 0.0291086
rel. change during last iteration : -3.39179e-12

degrees of freedom    (FIT_NDF)                        : 67
rms of residuals      (FIT_STDFIT) = sqrt(WSSR/ndf)    : 0.0208436
variance of residuals (reduced chisquare) = WSSR/ndf   : 0.000434456

Final set of parameters            Asymptotic Standard Error
=======================            ==========================
h1              = 3.24483          +/- 0.003461     (0.1067%)
a1              = 1.29361e-14      +/- 4.81e-16     (3.718%)
sigma1          = 1.8161e-14       +/- 6.321e-16    (3.481%)

correlation matrix of the fit parameters:
                h1     a1     sigma1 
h1              1.000 
a1             -0.694  1.000 
sigma1         -0.481  0.716  1.000 


*******************************************************************************
Wed Mar 23 20:49:34 2022


FIT:    data read from file using 1:3 index 1
        format = x:z
        #datapoints = 70
        residuals are weighted equally (unit weight)

function used for fitting: gauss2(x)
	gauss2(x)= h2 +a2/(sigma2*sqrt(2.*pi))*exp(-(x-mu1)**2./(2.*sigma2**2))
fitted parameters initialized with current variable values

iter      chisq       delta/lim  lambda   h2            a2            sigma2       
   0 2.0221544250e+27   0.00e+00  4.15e+12    2.391100e+00   4.035100e-01   9.000000e-15
   5 2.2741848877e-01  -1.42e-07  4.15e+07    2.391100e+00   2.216252e-14   9.095040e-15

After 5 iterations the fit converged.
final sum of squares of residuals : 0.227418
rel. change during last iteration : -1.42135e-12

degrees of freedom    (FIT_NDF)                        : 67
rms of residuals      (FIT_STDFIT) = sqrt(WSSR/ndf)    : 0.0582607
variance of residuals (reduced chisquare) = WSSR/ndf   : 0.00339431

Final set of parameters            Asymptotic Standard Error
=======================            ==========================
h2              = 2.3911           +/- 0.008033     (0.3359%)
a2              = 2.21625e-14      +/- 7.98e-16     (3.601%)
sigma2          = 9.09504e-15      +/- 3.376e-16    (3.712%)

correlation matrix of the fit parameters:
                h2     a2     sigma2 
h2              1.000 
a2             -0.497  1.000 
sigma2         -0.314  0.692  1.000 
